This is pdfTeX, Version 3.1415926-2.4-1.40.13 (TeX Live 2012) (format=pdflatex 2012.6.30)  21 MAR 2013 09:25
entering extended mode
 restricted \write18 enabled.
 %&-line parsing enabled.
**final-2013.complete.tex
(./final-2013.complete.tex
LaTeX2e <2011/06/27>
Babel <v3.8m> and hyphenation patterns for english, dumylang, nohyphenation, ge
rman-x-2012-05-30, ngerman-x-2012-05-30, afrikaans, ancientgreek, ibycus, arabi
c, armenian, basque, bulgarian, catalan, pinyin, coptic, croatian, czech, danis
h, dutch, ukenglish, usenglishmax, esperanto, estonian, ethiopic, farsi, finnis
h, french, friulan, galician, german, ngerman, swissgerman, monogreek, greek, h
ungarian, icelandic, assamese, bengali, gujarati, hindi, kannada, malayalam, ma
rathi, oriya, panjabi, tamil, telugu, indonesian, interlingua, irish, italian, 
kurmanji, latin, latvian, lithuanian, mongolian, mongolianlmc, bokmal, nynorsk,
 polish, portuguese, romanian, romansh, russian, sanskrit, serbian, serbianc, s
lovak, slovenian, spanish, swedish, turkish, turkmen, ukrainian, uppersorbian, 
welsh, loaded.
(/usr/local/texlive/2012/texmf-dist/tex/latex/base/article.cls
Document Class: article 2007/10/19 v1.4h Standard LaTeX document class
(/usr/local/texlive/2012/texmf-dist/tex/latex/base/size12.clo
File: size12.clo 2007/10/19 v1.4h Standard LaTeX file (size option)
)
\c@part=\count79
\c@section=\count80
\c@subsection=\count81
\c@subsubsection=\count82
\c@paragraph=\count83
\c@subparagraph=\count84
\c@figure=\count85
\c@table=\count86
\abovecaptionskip=\skip41
\belowcaptionskip=\skip42
\bibindent=\dimen102
)
(./final-2013.complete.aux)
\openout1 = `final-2013.complete.aux'.

LaTeX Font Info:    Checking defaults for OML/cmm/m/it on input line 27.
LaTeX Font Info:    ... okay on input line 27.
LaTeX Font Info:    Checking defaults for T1/cmr/m/n on input line 27.
LaTeX Font Info:    ... okay on input line 27.
LaTeX Font Info:    Checking defaults for OT1/cmr/m/n on input line 27.
LaTeX Font Info:    ... okay on input line 27.
LaTeX Font Info:    Checking defaults for OMS/cmsy/m/n on input line 27.
LaTeX Font Info:    ... okay on input line 27.
LaTeX Font Info:    Checking defaults for OMX/cmex/m/n on input line 27.
LaTeX Font Info:    ... okay on input line 27.
LaTeX Font Info:    Checking defaults for U/cmr/m/n on input line 27.
LaTeX Font Info:    ... okay on input line 27.

Underfull \hbox (badness 10000) in paragraph at lines 31--38

 []


Underfull \hbox (badness 10000) in paragraph at lines 43--46

 []

[1

{/usr/local/texlive/2012/texmf-var/fonts/map/pdftex/updmap/pdftex.map}]
LaTeX Font Info:    External font `cmex10' loaded for size
(Font)              <12> on input line 49.
LaTeX Font Info:    External font `cmex10' loaded for size
(Font)              <8> on input line 49.
LaTeX Font Info:    External font `cmex10' loaded for size
(Font)              <6> on input line 49.
LaTeX Font Info:    Try loading font information for OMS+cmr on input line 52.

(/usr/local/texlive/2012/texmf-dist/tex/latex/base/omscmr.fd
File: omscmr.fd 1999/05/25 v2.5h Standard LaTeX font definitions
)
LaTeX Font Info:    Font shape `OMS/cmr/m/n' in size <12> not available
(Font)              Font shape `OMS/cmsy/m/n' tried instead on input line 52.
 [2] [3]
Overfull \hbox (10.0pt too wide) in paragraph at lines 92--92
 | 
 []


Overfull \hbox (10.0pt too wide) in paragraph at lines 92--92
 []| 
 []


Overfull \hbox (10.0pt too wide) in paragraph at lines 92--92
 []| 
 []


Overfull \hbox (10.0pt too wide) in paragraph at lines 92--92
 []| 
 []


Overfull \hbox (10.0pt too wide) in paragraph at lines 92--92
 []| 
 []


Overfull \hbox (10.0pt too wide) in paragraph at lines 92--92
 []| 
 []


Overfull \hbox (10.0pt too wide) in paragraph at lines 92--92
 []| 
 []


Overfull \hbox (10.0pt too wide) in paragraph at lines 92--92
 []| 
 []


Overfull \hbox (10.0pt too wide) in paragraph at lines 92--92
 []| 
 []


Overfull \hbox (10.0pt too wide) in paragraph at lines 92--92
 []| 
 []


Overfull \hbox (10.0pt too wide) in paragraph at lines 92--92
 []| 
 []


Overfull \hbox (10.0pt too wide) in paragraph at lines 92--92
 []| 
 []


Overfull \hbox (10.0pt too wide) in paragraph at lines 92--92
 []| 
 []


Overfull \hbox (10.0pt too wide) in paragraph at lines 92--92
 []| 
 []


Overfull \hbox (10.0pt too wide) in paragraph at lines 92--92
 []| 
 []


Overfull \hbox (10.0pt too wide) in paragraph at lines 92--92
 []| 
 []


Overfull \hbox (10.0pt too wide) in paragraph at lines 92--92
 []| 
 []


Overfull \hbox (10.0pt too wide) in paragraph at lines 92--92
 []| 
 []


Overfull \hbox (10.0pt too wide) in paragraph at lines 92--92
 []| 
 []

[4]
Overfull \hbox (10.0pt too wide) in paragraph at lines 110--110
 | 
 []


Overfull \hbox (10.0pt too wide) in paragraph at lines 110--110
 []| 
 []


Overfull \hbox (10.0pt too wide) in paragraph at lines 110--110
 []| 
 []


Overfull \hbox (10.0pt too wide) in paragraph at lines 110--110
 []| 
 []


Overfull \hbox (10.0pt too wide) in paragraph at lines 110--110
 []| 
 []


Overfull \hbox (10.0pt too wide) in paragraph at lines 110--110
 []| 
 []


Overfull \hbox (10.0pt too wide) in paragraph at lines 110--110
 []| 
 []


Overfull \hbox (10.0pt too wide) in paragraph at lines 110--110
 []| 
 []


Overfull \hbox (10.0pt too wide) in paragraph at lines 110--110
 []| 
 []


Overfull \hbox (10.0pt too wide) in paragraph at lines 110--110
 []| 
 []


Overfull \hbox (10.0pt too wide) in paragraph at lines 110--110
 []| 
 []


Overfull \hbox (10.0pt too wide) in paragraph at lines 110--110
 []| 
 []


Overfull \hbox (10.0pt too wide) in paragraph at lines 110--110
 []| 
 []


Overfull \hbox (10.0pt too wide) in paragraph at lines 110--110
 []| 
 []


Overfull \hbox (10.0pt too wide) in paragraph at lines 110--110
 []| 
 []


Overfull \hbox (10.0pt too wide) in paragraph at lines 110--110
 []| 
 []


Overfull \hbox (10.0pt too wide) in paragraph at lines 110--110
 []| 
 []


Overfull \hbox (10.0pt too wide) in paragraph at lines 110--110
 []| 
 []


Overfull \hbox (10.0pt too wide) in paragraph at lines 110--110
 []| 
 []

[5]
Overfull \hbox (10.0pt too wide) in paragraph at lines 127--127
 | 
 []


Overfull \hbox (10.0pt too wide) in paragraph at lines 127--127
 []| 
 []


Overfull \hbox (10.0pt too wide) in paragraph at lines 127--127
 []| 
 []


Overfull \hbox (10.0pt too wide) in paragraph at lines 127--127
 []| 
 []


Overfull \hbox (10.0pt too wide) in paragraph at lines 127--127
 []| 
 []


Overfull \hbox (10.0pt too wide) in paragraph at lines 127--127
 []| 
 []


Overfull \hbox (10.0pt too wide) in paragraph at lines 127--127
 []| 
 []


Overfull \hbox (10.0pt too wide) in paragraph at lines 127--127
 []| 
 []


Overfull \hbox (10.0pt too wide) in paragraph at lines 127--127
 []| 
 []


Overfull \hbox (10.0pt too wide) in paragraph at lines 127--127
 []| 
 []


Overfull \hbox (10.0pt too wide) in paragraph at lines 127--127
 []| 
 []


Overfull \hbox (10.0pt too wide) in paragraph at lines 127--127
 []| 
 []


Overfull \hbox (10.0pt too wide) in paragraph at lines 127--127
 []| 
 []


Overfull \hbox (10.0pt too wide) in paragraph at lines 127--127
 []| 
 []


Overfull \hbox (10.0pt too wide) in paragraph at lines 127--127
 []| 
 []


Overfull \hbox (10.0pt too wide) in paragraph at lines 127--127
 []| 
 []


Overfull \hbox (10.0pt too wide) in paragraph at lines 127--127
 []| 
 []


Overfull \hbox (10.0pt too wide) in paragraph at lines 127--127
 []| 
 []


Overfull \hbox (10.0pt too wide) in paragraph at lines 127--127
 []| 
 []

[6] [7]
Overfull \hbox (10.0pt too wide) in paragraph at lines 163--163
 | 
 []


Overfull \hbox (10.0pt too wide) in paragraph at lines 163--163
 []| 
 []


Overfull \hbox (10.0pt too wide) in paragraph at lines 163--163
 []| 
 []


Overfull \hbox (10.0pt too wide) in paragraph at lines 163--163
 []| 
 []


Overfull \hbox (10.0pt too wide) in paragraph at lines 163--163
 []| 
 []


Overfull \hbox (10.0pt too wide) in paragraph at lines 163--163
 []| 
 []


Overfull \hbox (10.0pt too wide) in paragraph at lines 163--163
 []| 
 []


Overfull \hbox (10.0pt too wide) in paragraph at lines 163--163
 []| 
 []


Overfull \hbox (10.0pt too wide) in paragraph at lines 163--163
 []| 
 []


Overfull \hbox (10.0pt too wide) in paragraph at lines 163--163
 []| 
 []


Overfull \hbox (10.0pt too wide) in paragraph at lines 163--163
 []| 
 []


Overfull \hbox (10.0pt too wide) in paragraph at lines 163--163
 []| 
 []


Overfull \hbox (10.0pt too wide) in paragraph at lines 163--163
 []| 
 []


Overfull \hbox (10.0pt too wide) in paragraph at lines 163--163
 []| 
 []


Overfull \hbox (10.0pt too wide) in paragraph at lines 163--163
 []| 
 []


Overfull \hbox (10.0pt too wide) in paragraph at lines 163--163
 []| 
 []


Overfull \hbox (10.0pt too wide) in paragraph at lines 163--163
 []| 
 []


Overfull \hbox (10.0pt too wide) in paragraph at lines 163--163
 []| 
 []


Overfull \hbox (10.0pt too wide) in paragraph at lines 163--163
 []| 
 []

[8]
Overfull \hbox (17.5502pt too wide) in paragraph at lines 183--183
[]        \OT1/cmtt/m/n/12 (x_old, fx_old, x) = (x, fx, x - fx*(x-x_old)/(fx-fx
_old))[] 
 []

[9]
Overfull \hbox (10.0pt too wide) in paragraph at lines 214--214
 | 
 []


Overfull \hbox (10.0pt too wide) in paragraph at lines 214--214
 []| 
 []


Overfull \hbox (10.0pt too wide) in paragraph at lines 214--214
 []| 
 []


Overfull \hbox (10.0pt too wide) in paragraph at lines 214--214
 []| 
 []


Overfull \hbox (10.0pt too wide) in paragraph at lines 214--214
 []| 
 []


Overfull \hbox (10.0pt too wide) in paragraph at lines 214--214
 []| 
 []


Overfull \hbox (10.0pt too wide) in paragraph at lines 214--214
 []| 
 []


Overfull \hbox (10.0pt too wide) in paragraph at lines 214--214
 []| 
 []


Overfull \hbox (10.0pt too wide) in paragraph at lines 214--214
 []| 
 []


Overfull \hbox (10.0pt too wide) in paragraph at lines 214--214
 []| 
 []


Overfull \hbox (10.0pt too wide) in paragraph at lines 214--214
 []| 
 []


Overfull \hbox (10.0pt too wide) in paragraph at lines 214--214
 []| 
 []


Overfull \hbox (10.0pt too wide) in paragraph at lines 214--214
 []| 
 []


Overfull \hbox (10.0pt too wide) in paragraph at lines 214--214
 []| 
 []


Overfull \hbox (10.0pt too wide) in paragraph at lines 214--214
 []| 
 []


Overfull \hbox (10.0pt too wide) in paragraph at lines 214--214
 []| 
 []


Overfull \hbox (10.0pt too wide) in paragraph at lines 214--214
 []| 
 []


Overfull \hbox (10.0pt too wide) in paragraph at lines 214--214
 []| 
 []


Overfull \hbox (10.0pt too wide) in paragraph at lines 214--214
 []| 
 []

[10] [11] (./final-2013.complete.aux) ) 
Here is how much of TeX's memory you used:
 247 strings out of 493488
 2878 string characters out of 3141326
 52432 words of memory out of 3000000
 3626 multiletter control sequences out of 15000+200000
 7458 words of font info for 27 fonts, out of 3000000 for 9000
 957 hyphenation exceptions out of 8191
 22i,7n,19p,300b,142s stack positions out of 5000i,500n,10000p,200000b,50000s
</usr/local/texlive/2012/texmf-dist/font
s/type1/public/amsfonts/cm/cmbx12.pfb></usr/local/texlive/2012/texmf-dist/fonts
/type1/public/amsfonts/cm/cmex10.pfb></usr/local/texlive/2012/texmf-dist/fonts/
type1/public/amsfonts/cm/cmmi12.pfb></usr/local/texlive/2012/texmf-dist/fonts/t
ype1/public/amsfonts/cm/cmmi8.pfb></usr/local/texlive/2012/texmf-dist/fonts/typ
e1/public/amsfonts/cm/cmr12.pfb></usr/local/texlive/2012/texmf-dist/fonts/type1
/public/amsfonts/cm/cmr8.pfb></usr/local/texlive/2012/texmf-dist/fonts/type1/pu
blic/amsfonts/cm/cmsy10.pfb></usr/local/texlive/2012/texmf-dist/fonts/type1/pub
lic/amsfonts/cm/cmsy8.pfb></usr/local/texlive/2012/texmf-dist/fonts/type1/publi
c/amsfonts/cm/cmtt12.pfb>
Output written on final-2013.complete.pdf (11 pages, 101972 bytes).
PDF statistics:
 76 PDF objects out of 1000 (max. 8388607)
 53 compressed objects within 1 object stream
 0 named destinations out of 1000 (max. 500000)
 1 words of extra memory for PDF output out of 10000 (max. 10000000)

