This is pdfTeX, Version 3.14159265-2.6-1.40.15 (TeX Live 2014) (preloaded format=pdflatex 2014.5.25)  14 MAY 2015 08:57
entering extended mode
 restricted \write18 enabled.
 %&-line parsing enabled.
**lab07.tex
(./lab07.tex
LaTeX2e <2014/05/01>
Babel <3.9k> and hyphenation patterns for 78 languages loaded.
(/usr/local/texlive/2014/texmf-dist/tex/latex/base/article.cls
Document Class: article 2007/10/19 v1.4h Standard LaTeX document class
(/usr/local/texlive/2014/texmf-dist/tex/latex/base/size12.clo
File: size12.clo 2007/10/19 v1.4h Standard LaTeX file (size option)
)
\c@part=\count79
\c@section=\count80
\c@subsection=\count81
\c@subsubsection=\count82
\c@paragraph=\count83
\c@subparagraph=\count84
\c@figure=\count85
\c@table=\count86
\abovecaptionskip=\skip41
\belowcaptionskip=\skip42
\bibindent=\dimen102
)
(/usr/local/texlive/2014/texmf-dist/tex/latex/upquote/upquote.sty
Package: upquote 2012/04/19 v1.3 upright-quote and grave-accent glyphs in verba
tim
)
No file lab07.aux.
\openout1 = `lab07.aux'.

LaTeX Font Info:    Checking defaults for OML/cmm/m/it on input line 4.
LaTeX Font Info:    ... okay on input line 4.
LaTeX Font Info:    Checking defaults for T1/cmr/m/n on input line 4.
LaTeX Font Info:    ... okay on input line 4.
LaTeX Font Info:    Checking defaults for OT1/cmr/m/n on input line 4.
LaTeX Font Info:    ... okay on input line 4.
LaTeX Font Info:    Checking defaults for OMS/cmsy/m/n on input line 4.
LaTeX Font Info:    ... okay on input line 4.
LaTeX Font Info:    Checking defaults for OMX/cmex/m/n on input line 4.
LaTeX Font Info:    ... okay on input line 4.
LaTeX Font Info:    Checking defaults for U/cmr/m/n on input line 4.
LaTeX Font Info:    ... okay on input line 4.

Overfull \hbox (5.2002pt too wide) in paragraph at lines 24--24
[]\OT1/cmtt/m/n/12 http://www.cdm.depaul.edu/about/Pages/People/Administration.
aspx[] 
 []

[1

{/usr/local/texlive/2014/texmf-var/fonts/map/pdftex/updmap/pdftex.map}]
Overfull \hbox (36.07521pt too wide) in paragraph at lines 64--64
[]\OT1/cmtt/m/n/12 d = {^^Ma^^M:^^Malfa^^M, ^^Mb^^M:^^Mbravo^^M, ^^Mc^^M:^^Mcha
rlie^^M, ^^Md^^M:^^Mdelta^^M, ^^Me^^M:^^Mecho^^M,[] 
 []


Overfull \hbox (54.60022pt too wide) in paragraph at lines 64--64
[]     \OT1/cmtt/m/n/12 ^^Mf^^M:^^Mfoxtrot^^M, ^^Mg^^M:^^Mgolf^^M, ^^Mh^^M:^^Mh
otel^^M, ^^Mi^^M:^^Mindia^^M, ^^Mj^^M:^^Mjuliett^^M,[] 
 []


Overfull \hbox (36.07521pt too wide) in paragraph at lines 64--64
[]     \OT1/cmtt/m/n/12 ^^Mk^^M:^^Mkilo^^M, ^^Ml^^M:^^Mlima^^M, ^^Mm^^M:^^Mmike
^^M, ^^Mn^^M:^^Mnovember^^M, ^^Mo^^M:^^Moscar^^M,[] 
 []


Overfull \hbox (42.25021pt too wide) in paragraph at lines 64--64
[]     \OT1/cmtt/m/n/12 ^^Mp^^M:^^Mpapa^^M, ^^Mq^^M:^^Mquebec^^M, ^^Mr^^M:^^Mro
meo^^M, ^^Ms^^M:^^Msierra^^M, ^^Mt^^M:^^Mtango^^M,[] 
 []

LaTeX Font Info:    Try loading font information for OMS+cmr on input line 81.
(/usr/local/texlive/2014/texmf-dist/tex/latex/base/omscmr.fd
File: omscmr.fd 1999/05/25 v2.5h Standard LaTeX font definitions
)
LaTeX Font Info:    Font shape `OMS/cmr/m/n' in size <12> not available
(Font)              Font shape `OMS/cmsy/m/n' tried instead on input line 81.
 [2] [3]
(./lab07.aux) ) 
Here is how much of TeX's memory you used:
 238 strings out of 493117
 2831 string characters out of 6135433
 56909 words of memory out of 5000000
 3777 multiletter control sequences out of 15000+600000
 4970 words of font info for 19 fonts, out of 8000000 for 9000
 1141 hyphenation exceptions out of 8191
 22i,4n,19p,521b,241s stack positions out of 5000i,500n,10000p,200000b,80000s
</usr/local/texlive/2014/texmf-dist/fonts/type1/public/amsfonts/
cm/cmbx12.pfb></usr/local/texlive/2014/texmf-dist/fonts/type1/public/amsfonts/c
m/cmr12.pfb></usr/local/texlive/2014/texmf-dist/fonts/type1/public/amsfonts/cm/
cmr17.pfb></usr/local/texlive/2014/texmf-dist/fonts/type1/public/amsfonts/cm/cm
sy10.pfb></usr/local/texlive/2014/texmf-dist/fonts/type1/public/amsfonts/cm/cmt
t12.pfb>
Output written on lab07.pdf (3 pages, 60358 bytes).
PDF statistics:
 34 PDF objects out of 1000 (max. 8388607)
 23 compressed objects within 1 object stream
 0 named destinations out of 1000 (max. 500000)
 1 words of extra memory for PDF output out of 10000 (max. 10000000)

